<?xml version="1.0" encoding="UTF-8"?>
<!-- Generated by org.testng.reporters.JUnitXMLReporter -->
<testsuite ignored="0" hostname="RajathPC" failures="1" tests="1" name="Test1" time="17.561" errors="0" timestamp="2023-06-19T23:27:58 IST">
  <testcase classname="EndToEndTesting_OrangeHRM.CreateNewEmployee" name="createAnEmployee" time="4.699">
    <failure type="java.lang.UnsupportedOperationException" message="To submit an element, it must be nested inside a form element">
      <![CDATA[java.lang.UnsupportedOperationException: To submit an element, it must be nested inside a form element
at org.openqa.selenium.remote.RemoteWebElement.submit(RemoteWebElement.java:87)
at org.openqa.selenium.support.pagefactory.internal.LocatingElementHandler.invoke(LocatingElementHandler.java:52)
at jdk.proxy2/jdk.proxy2.$Proxy18.submit(Unknown Source)
at EndToEndTesting_OrangeHRM.CreateNewEmployee.createAnEmployee(CreateNewEmployee.java:22)
at java.base/java.util.ArrayList.forEach(ArrayList.java:1511)
... Removed 27 stack frames]]>
    </failure>
  </testcase> <!-- createAnEmployee -->
</testsuite> <!-- Test1 -->
