<?xml version="1.0" encoding="UTF-8"?>
<testng-results ignored="0" total="1" passed="1" failed="0" skipped="0">
  <reporter-output>
  </reporter-output>
  <suite started-at="2023-06-20T13:10:35 IST" name="Suite" finished-at="2023-06-20T13:10:52 IST" duration-ms="17164">
    <groups>
    </groups>
    <test started-at="2023-06-20T13:10:35 IST" name="Test1" finished-at="2023-06-20T13:10:52 IST" duration-ms="17164">
      <class name="EndToEndTesting_OrangeHRM.CreateNewEmployee">
        <test-method is-config="true" signature="configBeforeMethod()[pri:0, instance:EndToEndTesting_OrangeHRM.CreateNewEmployee@5af3afd9]" started-at="2023-06-20T13:10:35 IST" name="configBeforeMethod" finished-at="2023-06-20T13:10:41 IST" duration-ms="6230" status="PASS">
          <reporter-output>
          </reporter-output>
        </test-method> <!-- configBeforeMethod -->
        <test-method signature="createAnEmployee()[pri:0, instance:EndToEndTesting_OrangeHRM.CreateNewEmployee@5af3afd9]" started-at="2023-06-20T13:10:41 IST" name="createAnEmployee" finished-at="2023-06-20T13:10:52 IST" duration-ms="10097" status="PASS">
          <reporter-output>
          </reporter-output>
        </test-method> <!-- createAnEmployee -->
        <test-method is-config="true" signature="configAfterMethod()[pri:0, instance:EndToEndTesting_OrangeHRM.CreateNewEmployee@5af3afd9]" started-at="2023-06-20T13:10:52 IST" name="configAfterMethod" finished-at="2023-06-20T13:10:52 IST" duration-ms="556" status="PASS">
          <reporter-output>
          </reporter-output>
        </test-method> <!-- configAfterMethod -->
      </class> <!-- EndToEndTesting_OrangeHRM.CreateNewEmployee -->
    </test> <!-- Test1 -->
  </suite> <!-- Suite -->
</testng-results>
